<?xml version="1.0" encoding="UTF-8"?>
<testsuite xmlns:xsi="http://www.w3.org/2001/XMLSchema-instance" xsi:noNamespaceSchemaLocation="https://maven.apache.org/surefire/maven-surefire-plugin/xsd/surefire-test-report-3.0.xsd" version="3.0" name="com.desaextremo.grados.GradosApplicationTests" time="4.088" tests="5" errors="0" skipped="0" failures="0">
  <properties>
[...]
</properties>
  <testcase name="centigradosAFahrenheit_ok" classname="com.desaextremo.grados.GradosApplicationTests" time="1.562">
    <system-out><![CDATA[16:35:11.063 [main] INFO org.springframework.test.context.support.AnnotationConfigContextLoaderUtils -- Could not detect default configuration classes for test class [com.desaextremo.grados.GradosApplicationTests]: GradosApplicationTests does not declare any static, non-private, non-final, nested classes annotated with @Configuration.
16:35:11.195 [main] INFO org.springframework.boot.test.context.SpringBootTestContextBootstrapper -- Found @SpringBootConfiguration com.desaextremo.grados.GradosApplication for test class com.desaextremo.grados.GradosApplicationTests

  .   ____          _            __ _ _
 /\\ / ___'_ __ _ _(_)_ __  __ _ \ \ \ \
( ( )\___ | '_ | '_| | '_ \/ _` | \ \ \ \
 \\/  ___)| |_)| | | | | || (_| |  ) ) ) )
  '  |____| .__|_| |_|_| |_\__, | / / / /
 =========|_|==============|___/=/_/_/_/

 :: Spring Boot ::                (v3.3.3)

2025-09-17T16:35:11.741-05:00  INFO 24396 --- [           main] c.d.grados.GradosApplicationTests        : Starting GradosApplicationTests using Java 17.0.16 with PID 24396 (started by Crhistian Ovalle in C:\trabajo\cursos\scrum\modulo 5\grados\grados-api-final\grados-api-final)
2025-09-17T16:35:11.741-05:00  INFO 24396 --- [           main] c.d.grados.GradosApplicationTests        : No active profile set, falling back to 1 default profile: "default"
2025-09-17T16:35:13.245-05:00  INFO 24396 --- [           main] o.s.b.t.m.w.SpringBootMockServletContext : Initializing Spring TestDispatcherServlet ''
2025-09-17T16:35:13.245-05:00  INFO 24396 --- [           main] o.s.t.web.servlet.TestDispatcherServlet  : Initializing Servlet ''
2025-09-17T16:35:13.249-05:00  INFO 24396 --- [           main] o.s.t.web.servlet.TestDispatcherServlet  : Completed initialization in 0 ms
2025-09-17T16:35:13.282-05:00  INFO 24396 --- [           main] c.d.grados.GradosApplicationTests        : Started GradosApplicationTests in 1.89 seconds (process running for 3.939)
]]></system-out>
  </testcase>
  <testcase name="kelvinACentigrados_ok" classname="com.desaextremo.grados.GradosApplicationTests" time="0.03"/>
  <testcase name="fahrenheitACentigrados_ok" classname="com.desaextremo.grados.GradosApplicationTests" time="0.004"/>
  <testcase name="centigradosAKelvin_ok" classname="com.desaextremo.grados.GradosApplicationTests" time="0.0"/>
  <testcase name="contextLoads" classname="com.desaextremo.grados.GradosApplicationTests" time="0.008"/>
</testsuite>